0 info it worked if it ends with ok
1 verbose cli [ 'H:\\nodejs\\node.exe',
1 verbose cli   'H:\\nodejs\\node_modules\\npm\\bin\\npm-cli.js',
1 verbose cli   'start' ]
2 info using npm@3.10.8
3 info using node@v6.9.1
4 verbose run-script [ 'prestart', 'start', 'poststart' ]
5 info lifecycle my_blog@1.0.0~prestart: my_blog@1.0.0
6 silly lifecycle my_blog@1.0.0~prestart: no script for prestart, continuing
7 info lifecycle my_blog@1.0.0~start: my_blog@1.0.0
8 verbose lifecycle my_blog@1.0.0~start: unsafe-perm in lifecycle true
9 verbose lifecycle my_blog@1.0.0~start: PATH: H:\nodejs\node_modules\npm\bin\node-gyp-bin;C:\Users\scmhzl\Desktop\my_blog\node_modules\.bin;C:\Windows\system32;C:\Windows;C:\Windows\System32\Wbem;C:\Windows\System32\WindowsPowerShell\v1.0\;C:\Program Files (x86)\ATI Technologies\ATI.ACE\Core-Static;C:\Program Files\TortoiseSVN\bin;C:\Program Files (x86)\Subversion\bin;H:\nodejs\;C:\Users\scmhzl\AppData\Local\Microsoft\WindowsApps;C:\Users\scmhzl\AppData\Roaming\npm
10 verbose lifecycle my_blog@1.0.0~start: CWD: C:\Users\scmhzl\Desktop\my_blog
11 silly lifecycle my_blog@1.0.0~start: Args: [ '/d /s /c', 'webpack-dev-server --hot' ]
12 silly lifecycle my_blog@1.0.0~start: Returned: code: 3221225786  signal: null
13 info lifecycle my_blog@1.0.0~start: Failed to exec start script
14 verbose stack Error: my_blog@1.0.0 start: `webpack-dev-server --hot`
14 verbose stack Exit status 3221225786
14 verbose stack     at EventEmitter.<anonymous> (H:\nodejs\node_modules\npm\lib\utils\lifecycle.js:255:16)
14 verbose stack     at emitTwo (events.js:106:13)
14 verbose stack     at EventEmitter.emit (events.js:191:7)
14 verbose stack     at ChildProcess.<anonymous> (H:\nodejs\node_modules\npm\lib\utils\spawn.js:40:14)
14 verbose stack     at emitTwo (events.js:106:13)
14 verbose stack     at ChildProcess.emit (events.js:191:7)
14 verbose stack     at maybeClose (internal/child_process.js:877:16)
14 verbose stack     at Process.ChildProcess._handle.onexit (internal/child_process.js:226:5)
15 verbose pkgid my_blog@1.0.0
16 verbose cwd C:\Users\scmhzl\Desktop\my_blog
17 error Windows_NT 10.0.14393
18 error argv "H:\\nodejs\\node.exe" "H:\\nodejs\\node_modules\\npm\\bin\\npm-cli.js" "start"
19 error node v6.9.1
20 error npm  v3.10.8
21 error code ELIFECYCLE
22 error my_blog@1.0.0 start: `webpack-dev-server --hot`
22 error Exit status 3221225786
23 error Failed at the my_blog@1.0.0 start script 'webpack-dev-server --hot'.
23 error Make sure you have the latest version of node.js and npm installed.
23 error If you do, this is most likely a problem with the my_blog package,
23 error not with npm itself.
23 error Tell the author that this fails on your system:
23 error     webpack-dev-server --hot
23 error You can get information on how to open an issue for this project with:
23 error     npm bugs my_blog
23 error Or if that isn't available, you can get their info via:
23 error     npm owner ls my_blog
23 error There is likely additional logging output above.
24 verbose exit [ 1, true ]
